<?xml version="1.0" encoding="UTF-8"?>
<testsuite name="games.game2048.TestGame2048" tests="1" skipped="0" failures="0" errors="0" timestamp="2019-08-30T06:06:42" hostname="DESKTOP-ETR0QN7" time="0.053">
  <properties/>
  <testcase name="testMoves" classname="games.game2048.TestGame2048" time="0.053"/>
  <system-out><![CDATA[]]></system-out>
  <system-err><![CDATA[]]></system-err>
</testsuite>
